This file contains any messages produced by compilers while
running configure, to aid debugging if configure makes a mistake.

It was created by BCFtools configure 1.10.2, which was
generated by GNU Autoconf 2.68.  Invocation command line was

  $ ./configure --prefix=/home/bioinfo/local_latest/

## --------- ##
## Platform. ##
## --------- ##

hostname = mu01
uname -m = x86_64
uname -r = 3.10.0-862.el7.x86_64
uname -s = Linux
uname -v = #1 SMP Fri Apr 20 16:44:24 UTC 2018

/usr/bin/uname -p = x86_64
/bin/uname -X     = unknown

/bin/arch              = x86_64
/usr/bin/arch -k       = unknown
/usr/convex/getsysinfo = unknown
/usr/bin/hostinfo      = unknown
/bin/machine           = unknown
/usr/bin/oslevel       = unknown
/bin/universe          = unknown

PATH: /home/bioinfo/local_latest/bin
PATH: /home/bioinfo/local_latest/perl5/bin
PATH: /usr/java/jre1.8.0_151/bin
PATH: /opt/tsce4/maui/sbin
PATH: /opt/tsce4/maui/bin
PATH: /opt/tsce4/torque6/bin
PATH: /opt/tsce4/torque6/sbin
PATH: /usr/local/bin
PATH: /usr/lib64/qt-3.3/bin
PATH: /usr/local/sbin
PATH: /usr/sbin
PATH: /usr/bin
PATH: /opt/ibutils/bin
PATH: /usr/local/docker-inspur/bin
PATH: /home/zhang109/project/miRNA/mirdeep2-master/bin
PATH: /home/zhang109/.local/bin
PATH: /home/zhang109/bin


## ----------- ##
## Core tests. ##
## ----------- ##

configure:1984: checking for gcc
configure:2000: found /home/bioinfo/local_latest/bin/gcc
configure:2011: result: gcc
configure:2240: checking for C compiler version
configure:2249: gcc --version >&5
gcc (GCC) 10.2.0
Copyright (C) 2020 Free Software Foundation, Inc.
This is free software; see the source for copying conditions.  There is NO
warranty; not even for MERCHANTABILITY or FITNESS FOR A PARTICULAR PURPOSE.

configure:2260: $? = 0
configure:2249: gcc -v >&5
Using built-in specs.
COLLECT_GCC=gcc
COLLECT_LTO_WRAPPER=/home/bioinfo/local_latest/libexec/gcc/x86_64-pc-linux-gnu/10.2.0/lto-wrapper
Target: x86_64-pc-linux-gnu
Configured with: ./configure --prefix=/home/bioinfo/local_latest/ --disable-multilib --enable-default-pie
Thread model: posix
Supported LTO compression algorithms: zlib
gcc version 10.2.0 (GCC) 
configure:2260: $? = 0
configure:2249: gcc -V >&5
gcc: error: unrecognized command-line option '-V'
gcc: fatal error: no input files
compilation terminated.
configure:2260: $? = 1
configure:2249: gcc -qversion >&5
gcc: error: unrecognized command-line option '-qversion'; did you mean '--version'?
gcc: fatal error: no input files
compilation terminated.
configure:2260: $? = 1
configure:2280: checking whether the C compiler works
configure:2302: gcc    conftest.c  >&5
configure:2306: $? = 0
configure:2354: result: yes
configure:2357: checking for C compiler default output file name
configure:2359: result: a.out
configure:2365: checking for suffix of executables
configure:2372: gcc -o conftest    conftest.c  >&5
configure:2376: $? = 0
configure:2398: result: 
configure:2420: checking whether we are cross compiling
configure:2428: gcc -o conftest    conftest.c  >&5
configure:2432: $? = 0
configure:2439: ./conftest
configure:2443: $? = 0
configure:2458: result: no
configure:2463: checking for suffix of object files
configure:2485: gcc -c   conftest.c >&5
configure:2489: $? = 0
configure:2510: result: o
configure:2514: checking whether we are using the GNU C compiler
configure:2533: gcc -c   conftest.c >&5
configure:2533: $? = 0
configure:2542: result: yes
configure:2551: checking whether gcc accepts -g
configure:2571: gcc -c -g  conftest.c >&5
configure:2571: $? = 0
configure:2612: result: yes
configure:2629: checking for gcc option to accept ISO C89
configure:2693: gcc  -c -g -O2  conftest.c >&5
configure:2693: $? = 0
configure:2706: result: none needed
configure:2727: checking for grep that handles long lines and -e
configure:2785: result: /usr/bin/grep
configure:2810: checking for C compiler warning flags
configure:2923: result: -Wall
configure:3016: checking for special C compiler options needed for large files
configure:3061: result: no
configure:3067: checking for _FILE_OFFSET_BITS value needed for large files
configure:3092: gcc -c  -Wall -g -O2  conftest.c >&5
configure:3092: $? = 0
configure:3124: result: no
configure:3324: checking location of HTSlib source tree
configure:3345: result: htslib-1.10.2
configure:3530: checking shared library type
configure:3560: result: plain .so
configure:3576: checking for library containing dlopen
configure:3607: gcc -o conftest  -Wall -g -O2   conftest.c  >&5
/tmp/ccbgZtgm.o: In function `main':
/home/bioinfo/software/bcftools-1.10.2/conftest.c:22: undefined reference to `dlopen'
collect2: error: ld returned 1 exit status
configure:3607: $? = 1
configure: failed program was:
| /* confdefs.h */
| #define PACKAGE_NAME "BCFtools"
| #define PACKAGE_TARNAME "bcftools"
| #define PACKAGE_VERSION "1.10.2"
| #define PACKAGE_STRING "BCFtools 1.10.2"
| #define PACKAGE_BUGREPORT "samtools-help@lists.sourceforge.net"
| #define PACKAGE_URL "http://www.htslib.org/"
| #define PLUGIN_EXT ".so"
| #define ENABLE_BCF_PLUGINS 1
| /* end confdefs.h.  */
| 
| /* Override any GCC internal prototype to avoid an error.
|    Use char because int might match the return type of a GCC
|    builtin and then its argument prototype would still apply.  */
| #ifdef __cplusplus
| extern "C"
| #endif
| char dlopen ();
| int
| main ()
| {
| return dlopen ();
|   ;
|   return 0;
| }
configure:3607: gcc -o conftest  -Wall -g -O2   conftest.c -ldl   >&5
configure:3607: $? = 0
configure:3624: result: -ldl
configure:3703: checking if the compiler accepts -rdynamic
configure:3718: gcc -o conftest  -Wall -g -O2 -rdynamic   conftest.c -ldl  >&5
configure:3718: $? = 0
configure:3726: result: yes
configure:3738: checking for zlib.h
configure:3738: gcc -c  -Wall -g -O2  conftest.c >&5
configure:3738: $? = 0
configure:3738: result: yes
configure:3747: checking for inflate in -lz
configure:3772: gcc -o conftest  -Wall -g -O2   conftest.c -lz  -ldl  >&5
configure:3772: $? = 0
configure:3781: result: yes
configure:4013: checking for library containing regcomp
configure:4044: gcc -o conftest  -Wall -g -O2   conftest.c -ldl  >&5
configure:4044: $? = 0
configure:4061: result: none required
configure:4199: creating ./config.status

## ---------------------- ##
## Running config.status. ##
## ---------------------- ##

This file was extended by BCFtools config.status 1.10.2, which was
generated by GNU Autoconf 2.68.  Invocation command line was

  CONFIG_FILES    = 
  CONFIG_HEADERS  = 
  CONFIG_LINKS    = 
  CONFIG_COMMANDS = 
  $ ./config.status 

on mu01

config.status:819: creating config.mk
config.status:819: creating config.h
config.status:989: config.h is unchanged
configure:5436: === configuring in htslib-1.10.2 (/home/bioinfo/software/bcftools-1.10.2/htslib-1.10.2)
configure:5499: running /bin/sh ./configure --disable-option-checking '--prefix=/home/bioinfo/local_latest'  --cache-file=/dev/null --srcdir=.

## ---------------- ##
## Cache variables. ##
## ---------------- ##

ac_cv_c_compiler_gnu=yes
ac_cv_env_CC_set=
ac_cv_env_CC_value=
ac_cv_env_CFLAGS_set=
ac_cv_env_CFLAGS_value=
ac_cv_env_CPPFLAGS_set=
ac_cv_env_CPPFLAGS_value=
ac_cv_env_LDFLAGS_set=
ac_cv_env_LDFLAGS_value=
ac_cv_env_LIBS_set=
ac_cv_env_LIBS_value=
ac_cv_env_build_alias_set=
ac_cv_env_build_alias_value=
ac_cv_env_host_alias_set=
ac_cv_env_host_alias_value=
ac_cv_env_target_alias_set=
ac_cv_env_target_alias_value=
ac_cv_header_zlib_h=yes
ac_cv_lib_z_inflate=yes
ac_cv_objext=o
ac_cv_path_GREP=/usr/bin/grep
ac_cv_prog_ac_ct_CC=gcc
ac_cv_prog_cc_c89=
ac_cv_prog_cc_g=yes
ac_cv_search_dlopen=-ldl
ac_cv_search_regcomp='none required'
ac_cv_sys_file_offset_bits=no
ac_cv_sys_largefile_CC=no
ax_cv_htslib=yes
ax_cv_htslib_which=source
hts_cv_prog_cc_warnings=-Wall

## ----------------- ##
## Output variables. ##
## ----------------- ##

CC='gcc'
CC_RDYNAMIC_OPT='-rdynamic'
CFLAGS=' -Wall -g -O2'
CPPFLAGS=''
DEFS='-DHAVE_CONFIG_H'
ECHO_C=''
ECHO_N='-n'
ECHO_T=''
EXEEXT=''
GREP='/usr/bin/grep'
GSL_LIBS=''
HTSDIR='htslib-1.10.2'
HTSLIB_CPPFLAGS='-Ihtslib-1.10.2'
HTSLIB_DLL=''
HTSLIB_LDFLAGS='-Lhtslib-1.10.2'
Hinstall='#'
Hsource=''
LDFLAGS=''
LIBOBJS=''
LIBS='-ldl '
LTLIBOBJS=''
OBJEXT='o'
PACKAGE_BUGREPORT='samtools-help@lists.sourceforge.net'
PACKAGE_NAME='BCFtools'
PACKAGE_STRING='BCFtools 1.10.2'
PACKAGE_TARNAME='bcftools'
PACKAGE_URL='http://www.htslib.org/'
PACKAGE_VERSION='1.10.2'
PATH_SEPARATOR=':'
PERL_CCOPTS=''
PERL_LIBS=''
PLATFORM='default'
PLUGIN_EXT='.so'
SHELL='/bin/sh'
USE_GPL=''
ac_ct_CC='gcc'
bcf_plugindir='$(libexecdir)/bcftools'
bcf_pluginpath='$(libexecdir)/bcftools'
bindir='${exec_prefix}/bin'
build_alias=''
datadir='${datarootdir}'
datarootdir='${prefix}/share'
docdir='${datarootdir}/doc/${PACKAGE_TARNAME}'
dvidir='${docdir}'
enable_bcftools_plugins='yes'
enable_perl_filters='no'
exec_prefix='${prefix}'
host_alias='unknown-Linux'
htmldir='${docdir}'
includedir='${prefix}/include'
infodir='${datarootdir}/info'
libdir='${exec_prefix}/lib'
libexecdir='${exec_prefix}/libexec'
localedir='${datarootdir}/locale'
localstatedir='${prefix}/var'
mandir='${datarootdir}/man'
oldincludedir='/usr/include'
pdfdir='${docdir}'
prefix='/home/bioinfo/local_latest'
program_transform_name='s,x,x,'
psdir='${docdir}'
sbindir='${exec_prefix}/sbin'
sharedstatedir='${prefix}/com'
subdirs=' htslib-1.10.2'
sysconfdir='${prefix}/etc'
target_alias=''

## ----------- ##
## confdefs.h. ##
## ----------- ##

/* confdefs.h */
#define PACKAGE_NAME "BCFtools"
#define PACKAGE_TARNAME "bcftools"
#define PACKAGE_VERSION "1.10.2"
#define PACKAGE_STRING "BCFtools 1.10.2"
#define PACKAGE_BUGREPORT "samtools-help@lists.sourceforge.net"
#define PACKAGE_URL "http://www.htslib.org/"
#define PLUGIN_EXT ".so"
#define ENABLE_BCF_PLUGINS 1
#define HAVE_LIBZ 1

configure: exit 0
